<?xml version="1.0" encoding="UTF-8"?>
<!-- Generated by org.testng.reporters.JUnitReportReporter -->
<testsuite hostname="DESKTOP-BL1JDH0" failures="0" tests="2" name="testcases.ManageFooterTest" time="11.279" errors="0" timestamp="2025-04-26T20:37:35 IST" skipped="0">
  <testcase classname="testcases.ManageFooterTest" name="verifyUpdateFooterText" time="5.713"/>
  <testcase classname="testcases.ManageFooterTest" name="verifyUpdateFooterText" time="5.566"/>
</testsuite> <!-- testcases.ManageFooterTest -->
