<?xml version="1.0" encoding="UTF-8"?>
<!-- Generated by org.testng.reporters.JUnitReportReporter -->
<testsuite hostname="DESKTOP-BL1JDH0" failures="0" tests="2" name="testcases.ManageContactTest" time="15.966" errors="0" timestamp="2025-04-26T20:42:34 IST" skipped="0">
  <testcase classname="testcases.ManageContactTest" name="verifyUpdateContactInformation" time="5.501"/>
  <testcase classname="testcases.ManageContactTest" name="verifyUpdateContactInformation" time="10.465"/>
</testsuite> <!-- testcases.ManageContactTest -->
