<?xml version="1.0" encoding="UTF-8"?>
<!-- Generated by org.testng.reporters.JUnitReportReporter -->
<testsuite hostname="DESKTOP-BL1JDH0" failures="0" tests="2" name="testcases.SubCategoryTest" time="7.235" errors="0" timestamp="2025-04-26T20:34:15 IST" skipped="0">
  <testcase classname="testcases.SubCategoryTest" name="verifySearchNonExistingItem" time="3.276"/>
  <testcase classname="testcases.SubCategoryTest" name="verifyAddNewSubcategoryWithValidDetails" time="3.959"/>
</testsuite> <!-- testcases.SubCategoryTest -->
