<?xml version="1.0" encoding="UTF-8"?>
<!-- Generated by org.testng.reporters.JUnitReportReporter -->
<testsuite hostname="DESKTOP-BL1JDH0" failures="0" tests="1" name="testcases.ManageFooterTest" time="3.596" errors="0" timestamp="2025-04-26T20:34:15 IST" skipped="0">
  <testcase classname="testcases.ManageFooterTest" name="verifyUpdateFooterText" time="3.596"/>
</testsuite> <!-- testcases.ManageFooterTest -->
