<?xml version="1.0" encoding="UTF-8"?>
<!-- Generated by org.testng.reporters.JUnitReportReporter -->
<testsuite hostname="DESKTOP-BL1JDH0" failures="0" tests="6" name="testcases.Login_Test" time="14.737" errors="0" timestamp="2025-04-26T20:34:15 IST" skipped="0">
  <testcase classname="testcases.Login_Test" name="loginUsingValidCredentials" time="2.626"/>
  <testcase classname="testcases.Login_Test" name="invalidCredentials" time="2.098"/>
  <testcase classname="testcases.Login_Test" name="invalidCredentials" time="2.097"/>
  <testcase classname="testcases.Login_Test" name="invalidCredentials" time="2.300"/>
  <testcase classname="testcases.Login_Test" name="loginUsingValidUsernameAndInvalidPassword" time="3.534"/>
  <testcase classname="testcases.Login_Test" name="loginUsingInValidUsernameAndValidPassword" time="2.082"/>
</testsuite> <!-- testcases.Login_Test -->
