<?xml version="1.0" encoding="UTF-8"?>
<!-- Generated by org.testng.reporters.JUnitReportReporter -->
<testsuite hostname="DESKTOP-BL1JDH0" failures="0" tests="2" name="testcases.AdminUsersTest" time="7.059" errors="0" timestamp="2025-04-26T20:34:15 IST" skipped="0">
  <testcase classname="testcases.AdminUsersTest" name="verifyAddNewAdminUsers" time="3.882"/>
  <testcase classname="testcases.AdminUsersTest" name="verifyDeleteAdminUsers" time="3.177"/>
</testsuite> <!-- testcases.AdminUsersTest -->
