<?xml version="1.0" encoding="UTF-8"?>
<!-- Generated by org.testng.reporters.JUnitReportReporter -->
<testsuite hostname="DESKTOP-BL1JDH0" failures="0" tests="1" name="testcases.CategoryTest" time="3.454" errors="0" timestamp="2025-04-26T20:34:15 IST" skipped="0">
  <testcase classname="testcases.CategoryTest" name="verifyAddNewCategoryWithValidDetails" time="3.454"/>
</testsuite> <!-- testcases.CategoryTest -->
