<?xml version="1.0" encoding="UTF-8"?>
<!-- Generated by org.testng.reporters.JUnitReportReporter -->
<testsuite hostname="DESKTOP-BL1JDH0" failures="0" tests="2" name="testcases.ManageNewsTest" time="6.048" errors="0" timestamp="2025-04-26T20:34:15 IST" skipped="0">
  <testcase classname="testcases.ManageNewsTest" name="verifyAddNewNews" time="3.139"/>
  <testcase classname="testcases.ManageNewsTest" name="verifyDeleteNews" time="2.909"/>
</testsuite> <!-- testcases.ManageNewsTest -->
